<?xml version="1.0" encoding="UTF-8"?>
<testsuite xmlns:xsi="http://www.w3.org/2001/XMLSchema-instance" xsi:schemaLocation="https://maven.apache.org/surefire/maven-surefire-plugin/xsd/surefire-test-report.xsd" name="TestSuite" time="32.289" tests="3" errors="0" skipped="0" failures="0">
  <properties>
[...]
</properties>
  <testcase name="testMethod3" classname="com.nextera.testautomation.AppTest" time="0.866"/>
  <testcase name="testMethod3" classname="com.nextera.testautomation.AppTest" time="1.121"/>
  <testcase name="testMethod3" classname="com.nextera.testautomation.AppTest" time="1.921"/>
</testsuite>